<?xml version="1.0" encoding="UTF-8"?>
<testsuite xmlns:xsi="http://www.w3.org/2001/XMLSchema-instance" xsi:noNamespaceSchemaLocation="https://maven.apache.org/surefire/maven-surefire-plugin/xsd/surefire-test-report.xsd" name="com.mulesoft.training.HelloMavenTest" time="12.427" tests="1" errors="0" skipped="0" failures="1">
  <properties>
[...]
</properties>
  <testcase name="mavenFlowReturnsHelloMaven" classname="com.mulesoft.training.HelloMavenTest" time="11.148">
    <failure message="expected:&lt;[Hello Maven]&gt; but was:&lt;[[{DESTINATION=SFO, PRICE=555, ORIGIN=YYZ, ID=0}, {DESTINATION=LAX, PRICE=450, ORIGIN=YYZ, ID=1}, {DESTINATION=SEA, PRICE=777, ORIGIN=SQL, ID=2}, {DESTINATION=SFO, PRICE=999, ORIGIN=SQL, ID=3}]]&gt;" type="org.junit.ComparisonFailure">org.junit.ComparisonFailure: expected:&lt;[Hello Maven]&gt; but was:&lt;[[{DESTINATION=SFO, PRICE=555, ORIGIN=YYZ, ID=0}, {DESTINATION=LAX, PRICE=450, ORIGIN=YYZ, ID=1}, {DESTINATION=SEA, PRICE=777, ORIGIN=SQL, ID=2}, {DESTINATION=SFO, PRICE=999, ORIGIN=SQL, ID=3}]]&gt;	at com.mulesoft.training.HelloMavenTest.mavenFlowReturnsHelloMaven(HelloMavenTest.java:12)</failure>
    <system-out><![CDATA[
================================================================================
= Testing: mavenFlowReturnsHelloMaven                                          =
================================================================================
INFO  2018-11-26 14:13:10,750 [Time-limited test] org.mule.tck.junit4.AbstractMuleContextTestCase: Using working directory for test: C:\Users\rfa4301\AppData\Local\Temp\junit5281768013881761231
INFO  2018-11-26 14:13:11,017 [Time-limited test] org.mule.lifecycle.AbstractLifecycleManager: Initialising RegistryBroker
INFO  2018-11-26 14:13:11,262 [Time-limited test] org.mule.config.spring.MuleArtifactContext: Refreshing org.mule.config.spring.MuleArtifactContext@536773cd: startup date [Mon Nov 26 14:13:11 CET 2018]; root of context hierarchy
INFO  2018-11-26 14:13:13,568 [Time-limited test] org.mule.config.spring.processors.NoDevkitInjectorProcessor: JSR-330 'javax.inject.Inject' annotation found and supported for autowiring
WARN  2018-11-26 14:13:13,972 [Time-limited test] org.mule.expression.DefaultExpressionManager: Expression string is not an expression.  Use isExpression(String) to validate first
WARN  2018-11-26 14:13:13,972 [Time-limited test] org.mule.expression.DefaultExpressionManager: Expression string is not an expression.  Use isExpression(String) to validate first
INFO  2018-11-26 14:13:17,313 [Time-limited test] org.mule.util.journal.TransactionJournal: Using files for tx logs C:\Users\rfa4301\AppData\Local\Temp\junit5281768013881761231\queue-tx-log\tx1.log and C:\Users\rfa4301\AppData\Local\Temp\junit5281768013881761231\queue-tx-log\tx2.log
INFO  2018-11-26 14:13:17,338 [Time-limited test] org.mule.util.journal.TransactionJournal: Using files for tx logs C:\Users\rfa4301\AppData\Local\Temp\junit5281768013881761231\queue-xa-tx-log\tx1.log and C:\Users\rfa4301\AppData\Local\Temp\junit5281768013881761231\queue-xa-tx-log\tx2.log
INFO  2018-11-26 14:13:17,352 [Time-limited test] org.mule.lifecycle.AbstractLifecycleManager: Initialising connector: Active_MQ
INFO  2018-11-26 14:13:17,470 [Time-limited test] org.mule.lifecycle.AbstractLifecycleManager: Initialising model: _muleSystemModel
INFO  2018-11-26 14:13:17,476 [Time-limited test] org.mule.construct.FlowConstructLifecycleManager: Initialising flow: mavenFlow
INFO  2018-11-26 14:13:17,477 [Time-limited test] org.mule.exception.DefaultMessagingExceptionStrategy: Initialising exception listener: org.mule.exception.DefaultMessagingExceptionStrategy@58a9b42f
INFO  2018-11-26 14:13:17,551 [Time-limited test] org.mule.processor.SedaStageLifecycleManager: Initialising service: mavenFlow.stage1
INFO  2018-11-26 14:13:17,584 [Time-limited test] org.mule.construct.FlowConstructLifecycleManager: Initialising flow: logFlights
INFO  2018-11-26 14:13:17,584 [Time-limited test] org.mule.exception.DefaultMessagingExceptionStrategy: Initialising exception listener: org.mule.exception.DefaultMessagingExceptionStrategy@746fe2b6
INFO  2018-11-26 14:13:17,591 [Time-limited test] org.mule.processor.SedaStageLifecycleManager: Initialising service: logFlights.stage1
INFO  2018-11-26 14:13:17,749 [Time-limited test] org.mule.config.spring.SpringXmlConfigurationBuilder: Configured Mule using "org.mule.config.spring.SpringXmlConfigurationBuilder" with configuration resource(s): "[ConfigResource{resourceName='maven-project.xml'}]"
INFO  2018-11-26 14:13:17,754 [Time-limited test] org.mule.util.queue.QueueXaResourceManager: Starting ResourceManager
INFO  2018-11-26 14:13:17,754 [Time-limited test] org.mule.util.queue.QueueXaResourceManager: Started ResourceManager
INFO  2018-11-26 14:13:17,864 [Time-limited test] org.mule.module.http.internal.listener.DefaultHttpListenerConfig: Listening for requests on http://0.0.0.0:8081
WARN  2018-11-26 14:13:19,502 [Time-limited test] org.apache.activemq.broker.BrokerService: Store limit is 102400 mb (current store usage is 0 mb). The data directory: C:\temp\AnypointStudio\maven-project\activemq-data\localhost\KahaDB only has 78312 mb of usable space. - resetting to maximum available disk space: 78312 mb
INFO  2018-11-26 14:13:19,630 [Time-limited test] org.mule.transport.jms.activemq.ActiveMQJmsConnector: Connected: ActiveMQJmsConnector
{
  name=Active_MQ
  lifecycle=initialise
  this=51539446
  numberOfConcurrentTransactedReceivers=4
  createMultipleTransactedReceivers=true
  connected=true
  supportedProtocols=[jms]
  serviceOverrides=<none>
}

INFO  2018-11-26 14:13:19,630 [Time-limited test] org.mule.transport.jms.activemq.ActiveMQJmsConnector: Starting: ActiveMQJmsConnector
{
  name=Active_MQ
  lifecycle=initialise
  this=51539446
  numberOfConcurrentTransactedReceivers=4
  createMultipleTransactedReceivers=true
  connected=true
  supportedProtocols=[jms]
  serviceOverrides=<none>
}

INFO  2018-11-26 14:13:19,631 [Time-limited test] org.mule.lifecycle.AbstractLifecycleManager: Starting connector: Active_MQ
INFO  2018-11-26 14:13:19,635 [Time-limited test] org.mule.lifecycle.AbstractLifecycleManager: Starting model: _muleSystemModel
INFO  2018-11-26 14:13:19,637 [Time-limited test] org.mule.construct.FlowConstructLifecycleManager: Starting flow: mavenFlow
INFO  2018-11-26 14:13:19,639 [Time-limited test] org.mule.processor.SedaStageLifecycleManager: Starting service: mavenFlow.stage1
INFO  2018-11-26 14:13:19,647 [Time-limited test] org.mule.construct.FlowConstructLifecycleManager: Starting flow: logFlights
INFO  2018-11-26 14:13:19,647 [Time-limited test] org.mule.processor.SedaStageLifecycleManager: Starting service: logFlights.stage1
INFO  2018-11-26 14:13:19,714 [Time-limited test] org.mule.transport.jms.activemq.ActiveMQJmsConnector: Registering listener: logFlights on endpointUri: jms://flights
INFO  2018-11-26 14:13:19,739 [Time-limited test] org.mule.transport.service.DefaultTransportServiceDescriptor: Loading default inbound transformer: org.mule.transport.jms.transformers.JMSMessageToObject
INFO  2018-11-26 14:13:19,741 [Time-limited test] org.mule.transport.service.DefaultTransportServiceDescriptor: Loading default response transformer: org.mule.transport.jms.transformers.ObjectToJMSMessage
INFO  2018-11-26 14:13:19,752 [Time-limited test] org.mule.lifecycle.AbstractLifecycleManager: Initialising: 'null'. Object is: MultiConsumerJmsMessageReceiver
INFO  2018-11-26 14:13:19,757 [Time-limited test] org.mule.transport.jms.MultiConsumerJmsMessageReceiver: Connecting clusterizable message receiver
INFO  2018-11-26 14:13:19,901 [Time-limited test] org.mule.transport.jms.MultiConsumerJmsMessageReceiver: Endpoint jms://flights has been successfully reconnected.
INFO  2018-11-26 14:13:19,902 [Time-limited test] org.mule.lifecycle.AbstractLifecycleManager: Starting: 'null'. Object is: MultiConsumerJmsMessageReceiver
INFO  2018-11-26 14:13:19,902 [Time-limited test] org.mule.transport.jms.MultiConsumerJmsMessageReceiver: Starting clusterizable message receiver
INFO  2018-11-26 14:13:19,909 [Time-limited test] org.mule.DefaultMuleContext: 
**********************************************************************
* Mule Runtime and Integration Platform                              *
* Version: 3.9.1 Build: 6e0f86dc                                     *
* MuleSoft, Inc.                                                     *
* For more information go to http://www.mulesoft.org                 *
*                                                                    *
* Server started: 11/26/18 2:13 PM                                   *
* Server ID: 05ecef60-f17d-11e8-96ad-a434d9cdce4e                    *
* JDK: 1.8.0_161 (mixed mode)                                        *
* OS encoding: Cp1252, Mule encoding: UTF-8                          *
* OS: Windows 10 -  (10.0, amd64)                                    *
* Host: RB201177LT (192.168.176.68)                                  *
*                                                                    *
* Agents Running: None                                               *
**********************************************************************
WARN  2018-11-26 14:13:19,914 [Time-limited test] org.mule.model.seda.SedaModel: The <model> element is deprecated in Mule 3.4 and will be removed in Mule 4.0.  Flows do not need to be configured inside a <model> element. 
INFO  2018-11-26 14:13:19,915 [Time-limited test] org.mule.lifecycle.AbstractLifecycleManager: Initialising model: main
INFO  2018-11-26 14:13:19,915 [Time-limited test] org.mule.lifecycle.AbstractLifecycleManager: Starting model: main
WARN  2018-11-26 14:13:19,943 [Time-limited test] org.mule.model.seda.SedaService: Services (SedaService or any custom implementation) are deprecated in Mule 3.4 and will be removed in Mule 4.0. 
INFO  2018-11-26 14:13:19,946 [Time-limited test] org.mule.service.ServiceLifecycleManager: Initialising service: appleService
INFO  2018-11-26 14:13:19,962 [Time-limited test] org.mule.exception.DefaultMessagingExceptionStrategy: Initialising exception listener: org.mule.exception.DefaultMessagingExceptionStrategy@7ada6823
INFO  2018-11-26 14:13:19,963 [Time-limited test] org.mule.component.ComponentLifecycleManager: Initialising component: component.2092384940
INFO  2018-11-26 14:13:19,965 [Time-limited test] org.mule.processor.SedaStageLifecycleManager: Initialising service: appleService
INFO  2018-11-26 14:13:19,969 [Time-limited test] org.mule.service.ServiceLifecycleManager: Starting service: appleService
INFO  2018-11-26 14:13:19,971 [Time-limited test] org.mule.component.ComponentLifecycleManager: Starting component: component.2092384940
INFO  2018-11-26 14:13:19,993 [Time-limited test] org.mule.processor.SedaStageLifecycleManager: Starting service: appleService
INFO  2018-11-26 14:13:20,003 [Time-limited test] org.mule.lifecycle.AbstractLifecycleManager: Initialising connector: testConnector
INFO  2018-11-26 14:13:20,075 [Time-limited test] org.mule.tck.testmodels.mule.TestConnector: Connected: TestConnector
{
  name=testConnector
  lifecycle=initialise
  this=493de5f7
  numberOfConcurrentTransactedReceivers=4
  createMultipleTransactedReceivers=true
  connected=true
  supportedProtocols=[test]
  serviceOverrides=<none>
}

INFO  2018-11-26 14:13:20,075 [Time-limited test] org.mule.tck.testmodels.mule.TestConnector: Starting: TestConnector
{
  name=testConnector
  lifecycle=initialise
  this=493de5f7
  numberOfConcurrentTransactedReceivers=4
  createMultipleTransactedReceivers=true
  connected=true
  supportedProtocols=[test]
  serviceOverrides=<none>
}

INFO  2018-11-26 14:13:20,076 [Time-limited test] org.mule.lifecycle.AbstractLifecycleManager: Starting connector: testConnector
INFO  2018-11-26 14:13:20,283 [Time-limited test] org.mule.transport.service.DefaultTransportServiceDescriptor: Loading default outbound transformer: org.mule.transport.jms.transformers.ObjectToJMSMessage
INFO  2018-11-26 14:13:20,284 [Time-limited test] org.mule.transport.service.DefaultTransportServiceDescriptor: Loading default response transformer: org.mule.transport.jms.transformers.ObjectToJMSMessage
WARN  2018-11-26 14:13:20,285 [Time-limited test] com.mulesoft.mule.transport.jms.EeJmsMessageDispatcher: Starting patched JmsMessageReceiver
INFO  2018-11-26 14:13:20,287 [Time-limited test] org.mule.lifecycle.AbstractLifecycleManager: Initialising: 'Active_MQ.dispatcher.527953325'. Object is: EeJmsMessageDispatcher
INFO  2018-11-26 14:13:20,288 [Time-limited test] org.mule.lifecycle.AbstractLifecycleManager: Starting: 'Active_MQ.dispatcher.527953325'. Object is: EeJmsMessageDispatcher
INFO  2018-11-26 14:13:20,344 [Time-limited test] org.mule.construct.FlowConstructLifecycleManager: Stopping flow: mavenFlow
INFO  2018-11-26 14:13:20,345 [Time-limited test] org.mule.processor.SedaStageLifecycleManager: Stopping service: mavenFlow.stage1
INFO  2018-11-26 14:13:20,429 [logFlights.stage1.02] org.mule.api.processor.LoggerMessageProcessor: [{DESTINATION=SFO, PRICE=555, ORIGIN=YYZ, ID=0}, {DESTINATION=LAX, PRICE=450, ORIGIN=YYZ, ID=1}, {DESTINATION=SEA, PRICE=777, ORIGIN=SQL, ID=2}, {DESTINATION=SFO, PRICE=999, ORIGIN=SQL, ID=3}]
INFO  2018-11-26 14:13:20,510 [Time-limited test] org.mule.construct.FlowConstructLifecycleManager: Stopping flow: logFlights
INFO  2018-11-26 14:13:20,510 [Time-limited test] org.mule.transport.jms.activemq.ActiveMQJmsConnector: Removing listener on endpointUri: jms://flights
INFO  2018-11-26 14:13:20,511 [Time-limited test] org.mule.lifecycle.AbstractLifecycleManager: Stopping: 'null'. Object is: MultiConsumerJmsMessageReceiver
INFO  2018-11-26 14:13:20,516 [Time-limited test] org.mule.lifecycle.AbstractLifecycleManager: Disposing: 'null'. Object is: MultiConsumerJmsMessageReceiver
INFO  2018-11-26 14:13:20,516 [Time-limited test] org.mule.processor.SedaStageLifecycleManager: Stopping service: logFlights.stage1
INFO  2018-11-26 14:13:20,600 [Time-limited test] org.mule.service.ServiceLifecycleManager: Stopping service: appleService
INFO  2018-11-26 14:13:20,600 [Time-limited test] org.mule.processor.SedaStageLifecycleManager: Stopping service: appleService
INFO  2018-11-26 14:13:20,707 [Time-limited test] org.mule.component.ComponentLifecycleManager: Stopping component: component.2092384940
INFO  2018-11-26 14:13:20,708 [Time-limited test] org.mule.lifecycle.AbstractLifecycleManager: Stopping model: _muleSystemModel
INFO  2018-11-26 14:13:20,712 [Time-limited test] org.mule.lifecycle.AbstractLifecycleManager: Stopping connector: Active_MQ
INFO  2018-11-26 14:13:20,715 [Time-limited test] org.mule.lifecycle.AbstractLifecycleManager: Stopping: 'Active_MQ.dispatcher.527953325'. Object is: EeJmsMessageDispatcher
INFO  2018-11-26 14:13:20,715 [Time-limited test] org.mule.lifecycle.AbstractLifecycleManager: Disposing: 'Active_MQ.dispatcher.527953325'. Object is: EeJmsMessageDispatcher
INFO  2018-11-26 14:13:20,765 [Time-limited test] org.mule.module.http.internal.listener.DefaultHttpListenerConfig: Stopped listener on http://0.0.0.0:8081
INFO  2018-11-26 14:13:20,766 [Time-limited test] org.mule.util.queue.QueueXaResourceManager: Stopping ResourceManager
INFO  2018-11-26 14:13:20,767 [Time-limited test] org.mule.util.queue.QueueXaResourceManager: Stopped ResourceManager
INFO  2018-11-26 14:13:20,771 [Time-limited test] org.mule.lifecycle.AbstractLifecycleManager: Disposing RegistryBroker
INFO  2018-11-26 14:13:20,773 [Time-limited test] org.mule.construct.FlowConstructLifecycleManager: Disposing flow: mavenFlow
INFO  2018-11-26 14:13:20,774 [Time-limited test] org.mule.processor.SedaStageLifecycleManager: Disposing service: mavenFlow.stage1
INFO  2018-11-26 14:13:20,775 [Time-limited test] org.mule.construct.FlowConstructLifecycleManager: Disposing flow: logFlights
INFO  2018-11-26 14:13:20,775 [Time-limited test] org.mule.processor.SedaStageLifecycleManager: Disposing service: logFlights.stage1
INFO  2018-11-26 14:13:20,776 [Time-limited test] org.mule.service.ServiceLifecycleManager: Disposing service: appleService
INFO  2018-11-26 14:13:20,777 [Time-limited test] org.mule.component.ComponentLifecycleManager: Disposing component: component.2092384940
INFO  2018-11-26 14:13:20,777 [Time-limited test] org.mule.processor.SedaStageLifecycleManager: Disposing service: appleService
INFO  2018-11-26 14:13:20,780 [Time-limited test] org.mule.lifecycle.AbstractLifecycleManager: Disposing model: _muleSystemModel
INFO  2018-11-26 14:13:20,862 [Time-limited test] org.mule.transport.jms.activemq.ActiveMQJmsConnector: Disconnected: ActiveMQJmsConnector
{
  name=Active_MQ
  lifecycle=stop
  this=51539446
  numberOfConcurrentTransactedReceivers=4
  createMultipleTransactedReceivers=true
  connected=true
  supportedProtocols=[jms]
  serviceOverrides=<none>
}

INFO  2018-11-26 14:13:20,864 [Time-limited test] org.mule.lifecycle.AbstractLifecycleManager: Disposing connector: Active_MQ
INFO  2018-11-26 14:13:20,957 [Time-limited test] org.mule.config.spring.MuleArtifactContext: Closing org.mule.config.spring.MuleArtifactContext@536773cd: startup date [Mon Nov 26 14:13:11 CET 2018]; root of context hierarchy
INFO  2018-11-26 14:13:20,971 [Time-limited test] org.mule.DefaultMuleContext: 
**********************************************************************
* Mule Context shut down normally on: 11/26/18 2:13 PM               *
* Server was up for: 0 days, 0 hours, 0 mins, 3.215 sec              *
**********************************************************************
]]></system-out>
  </testcase>
</testsuite>